<?xml version="1.0" encoding="UTF-8"?>
<!-- Generated by org.testng.reporters.JUnitReportReporter -->
<testsuite hostname="DESKTOP-LA3ESVJ" failures="0" tests="1" name="testcrmproject.LoginOfCrmTest" time="5.825" errors="0" timestamp="2023-12-10T02:57:02 AST" skipped="0">
  <testcase classname="testcrmproject.LoginOfCrmTest" name="loginsuccess" time="5.825"/>
  <system-out/>
</testsuite> <!-- testcrmproject.LoginOfCrmTest -->
