<?xml version="1.0" encoding="UTF-8"?>
<!-- Generated by org.testng.reporters.JUnitReportReporter -->
<testsuite hostname="DESKTOP-LA3ESVJ" failures="0" tests="2" name="testcrmproject.TestEvents" time="16.468" errors="0" timestamp="2023-12-10T02:57:02 AST" skipped="0">
  <testcase classname="testcrmproject.TestEvents" name="eventData" time="8.336"/>
  <system-out/>
  <testcase classname="testcrmproject.TestEvents" name="eventData" time="8.132"/>
  <system-out/>
</testsuite> <!-- testcrmproject.TestEvents -->
