<?xml version="1.0" encoding="UTF-8"?>
<!-- Generated by org.testng.reporters.JUnitReportReporter -->
<testsuite hostname="DESKTOP-LA3ESVJ" failures="0" tests="1" name="testcrmproject.TestAnnouncements" time="9.789" errors="0" timestamp="2023-12-10T02:57:02 AST" skipped="0">
  <testcase classname="testcrmproject.TestAnnouncements" name="announcementData" time="9.789"/>
  <system-out/>
</testsuite> <!-- testcrmproject.TestAnnouncements -->
