<?xml version="1.0" encoding="UTF-8"?>
<!-- Generated by org.testng.reporters.JUnitReportReporter -->
<testsuite hostname="DESKTOP-LA3ESVJ" failures="0" tests="1" name="testcrmproject.TestNotes" time="9.146" errors="0" timestamp="2023-12-10T02:57:02 AST" skipped="0">
  <testcase classname="testcrmproject.TestNotes" name="notesData" time="9.146"/>
  <system-out/>
</testsuite> <!-- testcrmproject.TestNotes -->
