<?xml version="1.0" encoding="UTF-8"?>
<!-- Generated by org.testng.reporters.JUnitReportReporter -->
<testsuite hostname="DESKTOP-LA3ESVJ" failures="0" tests="2" name="testcrmproject.TestNotes" time="18.034" errors="0" timestamp="2023-12-09T01:04:23 AST" skipped="1">
  <testcase classname="testcrmproject.TestNotes" name="notesData" time="8.700">
    <skipped/>
  </testcase> <!-- notesData -->
  <system-out/>
  <testcase classname="testcrmproject.TestNotes" name="notesData" time="9.334"/>
  <system-out/>
</testsuite> <!-- testcrmproject.TestNotes -->
