<?xml version="1.0" encoding="UTF-8"?>
<!-- Generated by org.testng.reporters.JUnitReportReporter -->
<testsuite hostname="DESKTOP-LA3ESVJ" failures="0" tests="1" name="testcrmproject.TestMessage" time="8.441" errors="0" timestamp="2023-12-09T01:04:23 AST" skipped="0">
  <testcase classname="testcrmproject.TestMessage" name="messageData" time="8.441"/>
  <system-out/>
</testsuite> <!-- testcrmproject.TestMessage -->
