<?xml version="1.0" encoding="UTF-8"?>
<!-- Generated by org.testng.reporters.JUnitReportReporter -->
<testsuite hostname="DESKTOP-LA3ESVJ" failures="0" tests="1" name="testcrmproject.LoginOfCrmTest" time="6.470" errors="0" timestamp="2023-12-09T01:04:23 AST" skipped="0">
  <testcase classname="testcrmproject.LoginOfCrmTest" name="loginsuccess" time="6.470"/>
  <system-out/>
</testsuite> <!-- testcrmproject.LoginOfCrmTest -->
