<?xml version="1.0" encoding="UTF-8"?>
<!-- Generated by org.testng.reporters.JUnitReportReporter -->
<testsuite hostname="DESKTOP-LA3ESVJ" failures="0" tests="2" name="testcrmproject.TestEvents" time="21.573" errors="0" timestamp="2023-12-09T14:38:40 AST" skipped="0">
  <testcase classname="testcrmproject.TestEvents" name="eventData" time="11.203"/>
  <system-out/>
  <testcase classname="testcrmproject.TestEvents" name="eventData" time="10.370"/>
  <system-out/>
</testsuite> <!-- testcrmproject.TestEvents -->
